# JRE version: Java(TM) SE Runtime Environment (8.0_202-b08) (build 1.8.0_202-b08)
# Java VM: Java HotSpot(TM) 64-Bit Server VM (25.202-b08 mixed mode windows-amd64 compressed oops)
Heap:
 PSYoungGen      total 260608K, used 221181K [0x0000000780980000, 0x0000000792780000, 0x00000007c0000000)
  eden space 247808K, 84% used [0x0000000780980000,0x000000078d500a88,0x000000078fb80000)
  from space 12800K, 99% used [0x0000000791b00000,0x000000079277ea48,0x0000000792780000)
  to   space 15360K, 0% used [0x0000000790980000,0x0000000790980000,0x0000000791880000)
 ParOldGen       total 105472K, used 15068K [0x0000000701c00000, 0x0000000708300000, 0x0000000780980000)
  object space 105472K, 14% used [0x0000000701c00000,0x0000000702ab7218,0x0000000708300000)
 Metaspace       used 54662K, capacity 57744K, committed 57944K, reserved 1099776K
  class space    used 7249K, capacity 7804K, committed 7808K, reserved 1048576K
GC Heap History (10 events):
Event: 5.120 GC heap before
{Heap before GC invocations=6 (full 1):
 PSYoungGen      total 106496K, used 98304K [0x0000000780980000, 0x0000000787980000, 0x00000007c0000000)
  eden space 98304K, 100% used [0x0000000780980000,0x0000000786980000,0x0000000786980000)
  from space 8192K, 0% used [0x0000000787180000,0x0000000787180000,0x0000000787980000)
  to   space 8192K, 0% used [0x0000000786980000,0x0000000786980000,0x0000000787180000)
 ParOldGen       total 70144K, used 5483K [0x0000000701c00000, 0x0000000706080000, 0x0000000780980000)
  object space 70144K, 7% used [0x0000000701c00000,0x000000070215af20,0x0000000706080000)
 Metaspace       used 24387K, capacity 25432K, committed 25600K, reserved 1071104K
  class space    used 3030K, capacity 3278K, committed 3328K, reserved 1048576K
Event: 5.131 GC heap after
Heap after GC invocations=6 (full 1):
 PSYoungGen      total 106496K, used 8166K [0x0000000780980000, 0x000000078bf00000, 0x00000007c0000000)
  eden space 98304K, 0% used [0x0000000780980000,0x0000000780980000,0x0000000786980000)
  from space 8192K, 99% used [0x0000000786980000,0x00000007871798a8,0x0000000787180000)
  to   space 10240K, 0% used [0x000000078b500000,0x000000078b500000,0x000000078bf00000)
 ParOldGen       total 70144K, used 5811K [0x0000000701c00000, 0x0000000706080000, 0x0000000780980000)
  object space 70144K, 8% used [0x0000000701c00000,0x00000007021acf58,0x0000000706080000)
 Metaspace       used 24387K, capacity 25432K, committed 25600K, reserved 1071104K
  class space    used 3030K, capacity 3278K, committed 3328K, reserved 1048576K
}
Event: 7.506 GC heap before
{Heap before GC invocations=7 (full 1):
 PSYoungGen      total 106496K, used 106470K [0x0000000780980000, 0x000000078bf00000, 0x00000007c0000000)
  eden space 98304K, 100% used [0x0000000780980000,0x0000000786980000,0x0000000786980000)
  from space 8192K, 99% used [0x0000000786980000,0x00000007871798a8,0x0000000787180000)
  to   space 10240K, 0% used [0x000000078b500000,0x000000078b500000,0x000000078bf00000)
 ParOldGen       total 70144K, used 5811K [0x0000000701c00000, 0x0000000706080000, 0x0000000780980000)
  object space 70144K, 8% used [0x0000000701c00000,0x00000007021acf58,0x0000000706080000)
 Metaspace       used 30368K, capacity 31960K, committed 32128K, reserved 1077248K
  class space    used 3840K, capacity 4148K, committed 4224K, reserved 1048576K
Event: 7.530 GC heap after
Heap after GC invocations=7 (full 1):
 PSYoungGen      total 172544K, used 10230K [0x0000000780980000, 0x000000078c000000, 0x00000007c0000000)
  eden space 162304K, 0% used [0x0000000780980000,0x0000000780980000,0x000000078a800000)
  from space 10240K, 99% used [0x000000078b500000,0x000000078befdbd0,0x000000078bf00000)
  to   space 12288K, 0% used [0x000000078a800000,0x000000078a800000,0x000000078b400000)
 ParOldGen       total 70144K, used 7216K [0x0000000701c00000, 0x0000000706080000, 0x0000000780980000)
  object space 70144K, 10% used [0x0000000701c00000,0x000000070230c1c8,0x0000000706080000)
 Metaspace       used 30368K, capacity 31960K, committed 32128K, reserved 1077248K
  class space    used 3840K, capacity 4148K, committed 4224K, reserved 1048576K
}
Event: 8.373 GC heap before
{Heap before GC invocations=8 (full 1):
 PSYoungGen      total 172544K, used 35055K [0x0000000780980000, 0x000000078c000000, 0x00000007c0000000)
  eden space 162304K, 15% used [0x0000000780980000,0x00000007821be228,0x000000078a800000)
  from space 10240K, 99% used [0x000000078b500000,0x000000078befdbd0,0x000000078bf00000)
  to   space 12288K, 0% used [0x000000078a800000,0x000000078a800000,0x000000078b400000)
 ParOldGen       total 70144K, used 7216K [0x0000000701c00000, 0x0000000706080000, 0x0000000780980000)
  object space 70144K, 10% used [0x0000000701c00000,0x000000070230c1c8,0x0000000706080000)
 Metaspace       used 33331K, capacity 35282K, committed 35416K, reserved 1079296K
  class space    used 4270K, capacity 4637K, committed 4736K, reserved 1048576K
Event: 8.387 GC heap after
Heap after GC invocations=8 (full 1):
 PSYoungGen      total 174592K, used 9676K [0x0000000780980000, 0x0000000792780000, 0x00000007c0000000)
  eden space 162304K, 0% used [0x0000000780980000,0x0000000780980000,0x000000078a800000)
  from space 12288K, 78% used [0x000000078a800000,0x000000078b173090,0x000000078b400000)
  to   space 12800K, 0% used [0x0000000791b00000,0x0000000791b00000,0x0000000792780000)
 ParOldGen       total 70144K, used 7224K [0x0000000701c00000, 0x0000000706080000, 0x0000000780980000)
  object space 70144K, 10% used [0x0000000701c00000,0x000000070230e1c8,0x0000000706080000)
 Metaspace       used 33331K, capacity 35282K, committed 35416K, reserved 1079296K
  class space    used 4270K, capacity 4637K, committed 4736K, reserved 1048576K
}
Event: 8.387 GC heap before
{Heap before GC invocations=9 (full 2):
 PSYoungGen      total 174592K, used 9676K [0x0000000780980000, 0x0000000792780000, 0x00000007c0000000)
  eden space 162304K, 0% used [0x0000000780980000,0x0000000780980000,0x000000078a800000)
  from space 12288K, 78% used [0x000000078a800000,0x000000078b173090,0x000000078b400000)
  to   space 12800K, 0% used [0x0000000791b00000,0x0000000791b00000,0x0000000792780000)
 ParOldGen       total 70144K, used 7224K [0x0000000701c00000, 0x0000000706080000, 0x0000000780980000)
  object space 70144K, 10% used [0x0000000701c00000,0x000000070230e1c8,0x0000000706080000)
 Metaspace       used 33331K, capacity 35282K, committed 35416K, reserved 1079296K
  class space    used 4270K, capacity 4637K, committed 4736K, reserved 1048576K
Event: 8.457 GC heap after
Heap after GC invocations=9 (full 2):
 PSYoungGen      total 174592K, used 0K [0x0000000780980000, 0x0000000792780000, 0x00000007c0000000)
  eden space 162304K, 0% used [0x0000000780980000,0x0000000780980000,0x000000078a800000)
  from space 12288K, 0% used [0x000000078a800000,0x000000078a800000,0x000000078b400000)
  to   space 12800K, 0% used [0x0000000791b00000,0x0000000791b00000,0x0000000792780000)
 ParOldGen       total 105472K, used 13194K [0x0000000701c00000, 0x0000000708300000, 0x0000000780980000)
  object space 105472K, 12% used [0x0000000701c00000,0x00000007028e2bf8,0x0000000708300000)
 Metaspace       used 33331K, capacity 35282K, committed 35416K, reserved 1079296K
  class space    used 4270K, capacity 4637K, committed 4736K, reserved 1048576K
}
Event: 13.828 GC heap before
{Heap before GC invocations=10 (full 2):
 PSYoungGen      total 174592K, used 162304K [0x0000000780980000, 0x0000000792780000, 0x00000007c0000000)
  eden space 162304K, 100% used [0x0000000780980000,0x000000078a800000,0x000000078a800000)
  from space 12288K, 0% used [0x000000078a800000,0x000000078a800000,0x000000078b400000)
  to   space 12800K, 0% used [0x0000000791b00000,0x0000000791b00000,0x0000000792780000)
 ParOldGen       total 105472K, used 13194K [0x0000000701c00000, 0x0000000708300000, 0x0000000780980000)
  object space 105472K, 12% used [0x0000000701c00000,0x00000007028e2bf8,0x0000000708300000)
 Metaspace       used 42736K, capacity 45064K, committed 45400K, reserved 1089536K
  class space    used 5760K, capacity 6168K, committed 6272K, reserved 1048576K
Event: 13.851 GC heap after
Heap after GC invocations=10 (full 2):
 PSYoungGen      total 260608K, used 12794K [0x0000000780980000, 0x0000000792780000, 0x00000007c0000000)
  eden space 247808K, 0% used [0x0000000780980000,0x0000000780980000,0x000000078fb80000)
  from space 12800K, 99% used [0x0000000791b00000,0x000000079277ea48,0x0000000792780000)
  to   space 15360K, 0% used [0x0000000790980000,0x0000000790980000,0x0000000791880000)
 ParOldGen       total 105472K, used 15068K [0x0000000701c00000, 0x0000000708300000, 0x0000000780980000)
  object space 105472K, 14% used [0x0000000701c00000,0x0000000702ab7218,0x0000000708300000)
 Metaspace       used 42736K, capacity 45064K, committed 45400K, reserved 1089536K
  class space    used 5760K, capacity 6168K, committed 6272K, reserved 1048576K
}

